<?xml version="1.0"?>
<component name="org.nuxeo.ecm.platform.ui.web.auth.prefilters.disable">

  <extension
    target="org.nuxeo.ecm.platform.ui.web.auth.service.PluggableAuthenticationService"
    point="preFilter">

    <preFilter name="disabledPreFilter2" enabled="false"/>

  </extension>

</component>
