<?xml version="1.0"?>
<component name="org.nuxeo.ecm.platform.ui.web.auth.prefilters">

  <extension
    target="org.nuxeo.ecm.platform.ui.web.auth.service.PluggableAuthenticationService"
    point="preFilter">


    <preFilter name="enabledPreFilter1" enabled="true"
      class="org.nuxeo.ecm.platform.ui.web.auth.DummyAuthPreFilter" />
    <preFilter name="enabledPreFilter2"
      class="org.nuxeo.ecm.platform.ui.web.auth.DummyAuthPreFilter" />
    <preFilter name="disabledPreFilter1" enabled="false"
      class="org.nuxeo.ecm.platform.ui.web.auth.DummyAuthPreFilter" />


    <!-- This one will be disabled by test-prefilter-disable.xml -->
    <preFilter name="disabledPreFilter2"
      class="org.nuxeo.ecm.platform.ui.web.auth.DummyAuthPreFilter" />



  </extension>

</component>
