<?xml version="1.0"?>
<component name="org.nuxeo.ecm.platform.convert.tests.command.line.converter">

  <extension target="org.nuxeo.ecm.core.convert.service.ConversionServiceImpl"
    point="converter">

    <converter name="testCommandLineConverter" class="org.nuxeo.ecm.platform.convert.plugins.CommandLineConverter">
      <sourceMimeType>application/pdf</sourceMimeType>
      <destinationMimeType>image/jpeg</destinationMimeType>
      <destinationMimeType>image/png</destinationMimeType>
      <destinationMimeType>image/gif</destinationMimeType>
      <parameters>
        <parameter name="CommandLineName">pdftoimage</parameter>
      </parameters>
    </converter>

  </extension>

</component>
