<?xml version="1.0"?>
<component name="org.nuxeo.ecm.platform.rendering.tests.schema">

  <extension target="org.nuxeo.ecm.core.schema.TypeService"
    point="schema">
    <schema name="dublincore" prefix="dc" src="schemas/mySchema.xsd" />
    <schema name="file" src="schemas/myFile.xsd" />
  </extension>

</component>
