<?xml version="1.0"?>
<component name="org.nuxeo.ecm.directories.test">

  <extension target="org.nuxeo.ecm.directory.sql.SQLDirectoryFactory"
    point="directories">
    <directory name="country">
      <schema>xvocabulary</schema>
      <parentDirectory>continent</parentDirectory>
      <dataSource>java:/nxsqldirectory</dataSource>
      <cacheTimeout>3600</cacheTimeout>
      <cacheMaxSize>1000</cacheMaxSize>
      <table>country</table>
      <idField>id</idField>
      <autoincrementIdField>false</autoincrementIdField>
      <dataFile>directories/country.csv</dataFile>
      <createTablePolicy>on_missing_columns</createTablePolicy>
    </directory>

    <directory name="continent">
      <schema>vocabulary</schema>
      <dataSource>java:/nxsqldirectory</dataSource>
      <cacheTimeout>3600</cacheTimeout>
      <cacheMaxSize>1000</cacheMaxSize>
      <table>continent</table>
      <idField>id</idField>
      <autoincrementIdField>false</autoincrementIdField>
      <dataFile>directories/continent.csv</dataFile>
      <createTablePolicy>on_missing_columns</createTablePolicy>
    </directory>

    <directory name="subtopic">
      <schema>xvocabulary</schema>
      <parentDirectory>topic</parentDirectory>
      <dataSource>java:/nxsqldirectory</dataSource>
      <cacheTimeout>3600</cacheTimeout>
      <cacheMaxSize>1000</cacheMaxSize>
      <table>subtopic</table>
      <idField>id</idField>
      <autoincrementIdField>false</autoincrementIdField>
      <dataFile>directories/subtopic.csv</dataFile>
      <createTablePolicy>on_missing_columns</createTablePolicy>
    </directory>

    <directory name="topic">
      <schema>vocabulary</schema>
      <dataSource>java:/nxsqldirectory</dataSource>
      <cacheTimeout>3600</cacheTimeout>
      <cacheMaxSize>1000</cacheMaxSize>
      <table>topic</table>
      <idField>id</idField>
      <autoincrementIdField>false</autoincrementIdField>
      <dataFile>directories/topic.csv</dataFile>
      <createTablePolicy>on_missing_columns</createTablePolicy>
    </directory>

    <directory name="nature">
      <schema>vocabulary</schema>
      <dataSource>java:/nxsqldirectory</dataSource>
      <cacheTimeout>3600</cacheTimeout>
      <cacheMaxSize>1000</cacheMaxSize>
      <table>nature</table>
      <idField>id</idField>
      <autoincrementIdField>false</autoincrementIdField>
      <dataFile>directories/nature.csv</dataFile>
      <createTablePolicy>on_missing_columns</createTablePolicy>
    </directory>
  </extension>

</component>
