<?xml version="1.0"?>
<component name="org.nuxeo.ecm.core.automation.test-directories">

  <require>org.nuxeo.ecm.core.CoreExtensions</require>

  <extension target="org.nuxeo.ecm.core.schema.TypeService"
      point="doctype">
    <doctype name="Workspace" extends="Folder">
      <facet name="SuperSpace"/>
      <facet name="DirectoryLocalConfiguration"/>
    </doctype>
  </extension>

  <extension target="org.nuxeo.ecm.directory.sql.SQLDirectoryFactory"
    point="directories">

    <directory name="continent">
      <dataSource>java:/nxsqldirectory</dataSource>
      <schema>vocabulary</schema>
      <table>continent</table>
      <idField>id</idField>
      <autoincrementIdField>false</autoincrementIdField>
      <dataFile>testdirectorydata/continent.csv</dataFile>
      <createTablePolicy>on_missing_columns</createTablePolicy>
    </directory>

    <directory name="continent_local">
      <dataSource>java:/nxsqldirectory</dataSource>
      <schema>vocabulary</schema>
      <table>continent_local</table>
      <idField>id</idField>
      <autoincrementIdField>false</autoincrementIdField>
      <dataFile>testdirectorydata/continent_local.csv</dataFile>
      <createTablePolicy>on_missing_columns</createTablePolicy>
    </directory>

  </extension>

  <extension target="org.nuxeo.ecm.platform.actions.ActionService"
    point="filters">

    <filter id="directoriesManagementAccess">
      <rule grant="true">
      </rule>
    </filter>

  </extension>

</component>
