<?xml version="1.0"?>
<component name="org.nuxeo.ecm.directory.sql.multirefs">

  <extension target="org.nuxeo.ecm.directory.sql.SQLDirectoryFactory"
    point="directories">
    <directory name="userDirectory">
      <dataSource>java:/nxsqldirectory</dataSource>
      <schema>user</schema>
      <types>
        <type>system</type>
      </types>
      <table>users</table>
      <idField>username</idField>
      <passwordField>password</passwordField>
      <passwordHashAlgorithm>SSHA</passwordHashAlgorithm>
      <substringMatchType>subany</substringMatchType>
      <autoincrementIdField>false</autoincrementIdField>
      <dataFile>test-users.csv</dataFile>
      <createTablePolicy>always</createTablePolicy>
      <querySizeLimit>100</querySizeLimit>

      <references>

        <!-- we define two references for the "groups" field -->

        <tableReference field="groups" directory="groupDirectory"
          table="user2group" sourceColumn="userId" targetColumn="groupId"
          dataFile="test-user2group.csv" />
        <tableReference field="groups" directory="otherGroupDirectory"
          table="user2othergroup" sourceColumn="userId" targetColumn="groupId"
          dataFile="test-user2othergroup.csv" />
      </references>

    </directory>


    <directory name="otherGroupDirectory">
      <dataSource>java:/nxsqldirectory</dataSource>
      <schema>group</schema>
      <types>
        <type>system</type>
      </types>
      <table>othergroups</table>
      <idField>groupname</idField>
      <autoincrementIdField>false</autoincrementIdField>
      <dataFile>test-othergroups.csv</dataFile>
      <createTablePolicy>always</createTablePolicy>

      <references>
        <inverseReference field="members" directory="userDirectory"
          dualReferenceField="groups" />
        <tableReference field="subGroups" directory="groupDirectory"
          table="group2group" sourceColumn="childGroupId"
          targetColumn="parentGroupId" />
        <inverseReference field="parentGroups"
          directory="groupDirectory" dualReferenceField="subGroups" />
      </references>

    </directory>

  </extension>
</component>
