<?xml version="1.0"?>
<component name="org.nuxeo.ecm.directory.alteration">

  <extension target="org.nuxeo.ecm.core.schema.TypeService" point="schema">
    <schema name="tmpschema1" src="sqldirectoryschema/tmpschema1.xsd"/>
    <schema name="tmpschema2" src="sqldirectoryschema/tmpschema2.xsd"/>
  </extension>

  <extension target="org.nuxeo.ecm.directory.sql.SQLDirectoryFactory"
      point="directories">

    <!-- two directory with the same table, but not the same schema -->

    <directory name="tmpdirectory1">

      <schema>tmpschema1</schema>
      <dataSource>java:/nxsqldirectory</dataSource>
      <table>tablealteration</table>
      <idField>id</idField>
      <autoincrementIdField>false</autoincrementIdField>
      <createTablePolicy>always</createTablePolicy>

    </directory>

    <directory name="tmpdirectory2">

      <schema>tmpschema2</schema>
      <dataSource>java:/nxsqldirectory</dataSource>
      <table>tablealteration</table>
      <idField>id</idField>
      <autoincrementIdField>false</autoincrementIdField>
      <createTablePolicy>on_missing_columns</createTablePolicy>

    </directory>
  </extension>

</component>
