<?xml version="1.0"?>
<component name="org.nuxeo.ecm.directory.resolver.test">

  <extension target="org.nuxeo.ecm.core.schema.TypeService" point="schema">
    <schema name="directoryResolverSchema" src="sqldirectoryschema/directoryResolverSchema.xsd" prefix="drs" />
    <schema name="hierarchicalDirectorySchema" src="sqldirectoryschema/hierarchicalDirectorySchema.xsd" prefix="hd" />
  </extension>

  <extension target="org.nuxeo.ecm.directory.sql.SQLDirectoryFactory" point="directories">

    <directory name="referencedDirectory1">
      <schema>directoryResolverSchema</schema>
      <dataSource>java:/nxsqldirectory</dataSource>
      <table>referencedDirectory1</table>
      <idField>id</idField>
      <createTablePolicy>always</createTablePolicy>
      <dataFile>test-directory-resolver.csv</dataFile>
    </directory>

    <directory name="referencedDirectory2">
      <schema>directoryResolverSchema</schema>
      <dataSource>java:/nxsqldirectory</dataSource>
      <table>referencedDirectory2</table>
      <idField>id</idField>
      <createTablePolicy>always</createTablePolicy>
      <dataFile>test-directory-resolver.csv</dataFile>
    </directory>

    <directory name="hierarchicalDirectory">
      <schema>hierarchicalDirectorySchema</schema>
      <parentDirectory>hierarchicalDirectory</parentDirectory>
      <dataSource>java:/nxsqldirectory</dataSource>
      <table>hierarchicalDirectory</table>
      <idField>id</idField>
      <createTablePolicy>always</createTablePolicy>
      <dataFile>test-hierarchical-directory.csv</dataFile>
    </directory>

  </extension>

  <extension target="org.nuxeo.ecm.core.schema.TypeService" point="schema">
    <schema name="directoryResolver" src="schemas/directoryResolver.xsd" prefix="dr" />
  </extension>

  <extension target="org.nuxeo.ecm.core.schema.TypeService" point="doctype">
    <doctype name="DirectoryReferencer" extends="Document">
      <schema name="directoryResolver" />
    </doctype>
  </extension>


</component>
