<?xml version="1.0"?>
<component name="test-directory-delete-contrib">



  <extension target="org.nuxeo.ecm.directory.sql.SQLDirectoryFactory"
    point="directories">


    <directory name="country">
      <schema>xvocabulary</schema>
      <parentDirectory>continent</parentDirectory>
      <dataSource>java:/nxsqldirectory</dataSource>
      <table>country</table>
      <idField>id</idField>
      <autoincrementIdField>false</autoincrementIdField>
      <dataFile>country.csv</dataFile>
      <createTablePolicy>on_missing_columns</createTablePolicy>
    </directory>

    <directory name="continent">
      <schema>vocabulary</schema>
      <dataSource>java:/nxsqldirectory</dataSource>
      <table>continent</table>
      <idField>id</idField>
      <autoincrementIdField>false</autoincrementIdField>
      <dataFile>continent.csv</dataFile>
      <createTablePolicy>on_missing_columns</createTablePolicy>
      <deleteConstraint
        class="org.nuxeo.ecm.directory.HierarchicalDirectoryDeleteConstraint">
        <property name="targetDirectory">country</property>
        <property name="targetDirectoryField">parent</property>
      </deleteConstraint>
    </directory>

  </extension>
</component>
