<?xml version="1.0"?>
<component name="org.nuxeo.ecm.login.shibboleth.testDirectory">
  <require>org.nuxeo.ecm.platform.login.shibboleth.type</require>

  <extension target="org.nuxeo.ecm.directory.sql.SQLDirectoryFactory"
    point="directories">

    <directory name="userDirectory">

      <schema>user</schema>
      <types>
        <type>system</type>
      </types>
      <dataSource>java:/nxsqldirectory</dataSource>
      <table>users</table>
      <idField>username</idField>
      <passwordField>password</passwordField>
      <passwordHashAlgorithm>SSHA</passwordHashAlgorithm>
      <autoincrementIdField>false</autoincrementIdField>
      <createTablePolicy>always</createTablePolicy>

      <references>
        <tableReference field="groups" directory="groupDirectory"
          table="user2group" sourceColumn="userId" targetColumn="groupId"
          master="true" />
      </references>
    </directory>

    <directory name="groupDirectory">

      <schema>group</schema>
      <types>
        <type>system</type>
      </types>
      <dataSource>java:/nxsqldirectory</dataSource>
      <table>groups</table>
      <idField>groupname</idField>
      <autoincrementIdField>false</autoincrementIdField>
      <createTablePolicy>always</createTablePolicy>

      <references>
        <inverseReference field="members" directory="userDirectory"
          dualReferenceField="groups" />
        <tableReference field="subGroups" directory="groupDirectory"
          table="group2group" sourceColumn="childGroupId" targetColumn="parentGroupId" />
        <inverseReference field="parentGroups"
          directory="groupDirectory" dualReferenceField="subGroups" />
      </references>

    </directory>

    <directory name="shibbGroup" remove="true">
    </directory>

    <directory name="shibbGroup">
      <schema>shibbolethGroup</schema>
      <types>
        <type>system</type>
      </types>
      <dataSource>java:/nxsqldirectory</dataSource>
      <table>shibbGroup</table>
      <idField>groupName</idField>
      <autoincrementIdField>false</autoincrementIdField>
      <createTablePolicy>always</createTablePolicy>
    </directory>
  </extension>
</component>
