<?xml version="1.0"?>
<component name="org.nuxeo.ecm.login.token.directory.contrib.test">

  <extension target="org.nuxeo.ecm.directory.sql.SQLDirectoryFactory"
    point="directories">

    <directory name="authTokens">
      <dataSource>java:/nxsqldirectory</dataSource>
      <schema>authtoken</schema>
      <types>
        <type>system</type>
      </types>
      <table>auth_tokens</table>
      <idField>token</idField>
      <autoincrementIdField>false</autoincrementIdField>
      <createTablePolicy>on_missing_columns</createTablePolicy>
      <!-- Set cache to 5 minutes -->
      <cacheTimeout>300</cacheTimeout>
      <cacheMaxSize>1000</cacheMaxSize>
      <permissions>
        <permission name="Read">
          <group>__Nobody__</group>
        </permission>
      </permissions>
    </directory>

  </extension>
</component>
